<?xml version="1.0" encoding="UTF-8"?>
<!-- Generated by org.testng.reporters.JUnitXMLReporter -->
<testsuite hostname="DESKTOP-2VNU09Q" ignored="0" name="BrowserStack Test - egde" tests="3" failures="0" timestamp="2025-04-07T01:23:50 IST" time="3.383" errors="0">
  <testcase name="@BeforeMethod setup" time="3.316" classname="com.php.tetcases.LoginPageTest">
    <failure type="org.openqa.selenium.SessionNotCreatedException" message="session not created: This version of ChromeDriver only supports Chrome version 114
Current browser version is 134.0.6998.178 with binary path C:\Program Files\Google\Chrome\Application\chrome.exe
Build info: version: &amp;apos;3.141.59&amp;apos;, revision: &amp;apos;e82be7d358&amp;apos;, time: &amp;apos;2018-11-14T08:17:03&amp;apos;
System info: host: &amp;apos;DESKTOP-2VNU09Q&amp;apos;, ip: &amp;apos;192.168.1.9&amp;apos;, os.name: &amp;apos;Windows 10&amp;apos;, os.arch: &amp;apos;x86&amp;apos;, os.version: &amp;apos;10.0&amp;apos;, java.version: &amp;apos;1.8.0_291&amp;apos;
Driver info: driver.version: ChromeDriver
remote stacktrace: Backtrace:
	GetHandleVerifier [0x006BA813+48355]
	(No symbol) [0x0064C4B1]
	(No symbol) [0x00555358]
	(No symbol) [0x005761AC]
	(No symbol) [0x00571EF3]
	(No symbol) [0x00570579]
	(No symbol) [0x005A0C55]
	(No symbol) [0x005A093C]
	(No symbol) [0x0059A536]
	(No symbol) [0x005782DC]
	(No symbol) [0x005793DD]
	GetHandleVerifier [0x0091AABD+2539405]
	GetHandleVerifier [0x0095A78F+2800735]
	GetHandleVerifier [0x0095456C+2775612]
	GetHandleVerifier [0x007451E0+616112]
	(No symbol) [0x00655F8C]
	(No symbol) [0x00652328]
	(No symbol) [0x0065240B]
	(No symbol) [0x00644FF7]
	BaseThreadInitThunk [0x773D7BA9+25]
	RtlInitializeExceptionChain [0x779BC2EB+107]
	RtlClearBits [0x779BC26F+191]
">
      <![CDATA[org.openqa.selenium.SessionNotCreatedException: session not created: This version of ChromeDriver only supports Chrome version 114
Current browser version is 134.0.6998.178 with binary path C:\Program Files\Google\Chrome\Application\chrome.exe
Build info: version: '3.141.59', revision: 'e82be7d358', time: '2018-11-14T08:17:03'
System info: host: 'DESKTOP-2VNU09Q', ip: '192.168.1.9', os.name: 'Windows 10', os.arch: 'x86', os.version: '10.0', java.version: '1.8.0_291'
Driver info: driver.version: ChromeDriver
remote stacktrace: Backtrace:
GetHandleVerifier [0x006BA813+48355]
(No symbol) [0x0064C4B1]
(No symbol) [0x00555358]
(No symbol) [0x005761AC]
(No symbol) [0x00571EF3]
(No symbol) [0x00570579]
(No symbol) [0x005A0C55]
(No symbol) [0x005A093C]
(No symbol) [0x0059A536]
(No symbol) [0x005782DC]
(No symbol) [0x005793DD]
GetHandleVerifier [0x0091AABD+2539405]
GetHandleVerifier [0x0095A78F+2800735]
GetHandleVerifier [0x0095456C+2775612]
GetHandleVerifier [0x007451E0+616112]
(No symbol) [0x00655F8C]
(No symbol) [0x00652328]
(No symbol) [0x0065240B]
(No symbol) [0x00644FF7]
BaseThreadInitThunk [0x773D7BA9+25]
RtlInitializeExceptionChain [0x779BC2EB+107]
RtlClearBits [0x779BC26F+191]

at org.openqa.selenium.remote.W3CHandshakeResponse.lambda$errorHandler$0(W3CHandshakeResponse.java:62)
at org.openqa.selenium.remote.HandshakeResponse.lambda$getResponseFunction$0(HandshakeResponse.java:30)
at org.openqa.selenium.remote.ProtocolHandshake.lambda$createSession$0(ProtocolHandshake.java:126)
at java.util.stream.ReferencePipeline$3$1.accept(ReferencePipeline.java:193)
at java.util.Spliterators$ArraySpliterator.tryAdvance(Spliterators.java:958)
at java.util.stream.ReferencePipeline.forEachWithCancel(ReferencePipeline.java:126)
at java.util.stream.AbstractPipeline.copyIntoWithCancel(AbstractPipeline.java:499)
at java.util.stream.AbstractPipeline.copyInto(AbstractPipeline.java:486)
at java.util.stream.AbstractPipeline.wrapAndCopyInto(AbstractPipeline.java:472)
at java.util.stream.FindOps$FindOp.evaluateSequential(FindOps.java:152)
at java.util.stream.AbstractPipeline.evaluate(AbstractPipeline.java:234)
at java.util.stream.ReferencePipeline.findFirst(ReferencePipeline.java:464)
at org.openqa.selenium.remote.ProtocolHandshake.createSession(ProtocolHandshake.java:128)
at org.openqa.selenium.remote.ProtocolHandshake.createSession(ProtocolHandshake.java:74)
at org.openqa.selenium.remote.HttpCommandExecutor.execute(HttpCommandExecutor.java:136)
at org.openqa.selenium.remote.service.DriverCommandExecutor.execute(DriverCommandExecutor.java:83)
at org.openqa.selenium.remote.RemoteWebDriver.execute(RemoteWebDriver.java:552)
at org.openqa.selenium.remote.RemoteWebDriver.startSession(RemoteWebDriver.java:213)
at org.openqa.selenium.remote.RemoteWebDriver.<init>(RemoteWebDriver.java:131)
at org.openqa.selenium.chrome.ChromeDriver.<init>(ChromeDriver.java:181)
at org.openqa.selenium.chrome.ChromeDriver.<init>(ChromeDriver.java:168)
at org.openqa.selenium.chrome.ChromeDriver.<init>(ChromeDriver.java:123)
at com.php.base.BaseTest.initialzation(BaseTest.java:73)
at com.php.tetcases.LoginPageTest.setup(LoginPageTest.java:23)
at java.util.ArrayList.forEach(ArrayList.java:1259)
... Removed 35 stack frames]]>
    </failure>
  </testcase> <!-- @BeforeMethod setup -->
  <testcase name="@AfterMethod teardown" time="-1.743969230806E9" classname="com.php.tetcases.LoginPageTest">
    <skipped/>
  </testcase> <!-- @AfterMethod teardown -->
  <testcase name="@BeforeMethod setup" time="-1.743969230807E9" classname="com.php.tetcases.LoginPageTest">
    <skipped/>
  </testcase> <!-- @BeforeMethod setup -->
  <testcase name="@AfterMethod teardown" time="-1.74396923081E9" classname="com.php.tetcases.LoginPageTest">
    <skipped/>
  </testcase> <!-- @AfterMethod teardown -->
  <testcase name="@BeforeMethod setup" time="-1.743969230813E9" classname="com.php.tetcases.LoginPageTest">
    <skipped/>
  </testcase> <!-- @BeforeMethod setup -->
  <testcase name="@AfterMethod teardown" time="-1.743969230817E9" classname="com.php.tetcases.LoginPageTest">
    <skipped/>
  </testcase> <!-- @AfterMethod teardown -->
  <testcase name="filllogindetails" time="0.0" classname="com.php.tetcases.LoginPageTest">
    <skipped/>
  </testcase> <!-- filllogindetails -->
  <testcase name="filllogindetails" time="0.0" classname="com.php.tetcases.LoginPageTest">
    <skipped/>
  </testcase> <!-- filllogindetails -->
  <testcase name="pageTitleTest" time="0.0" classname="com.php.tetcases.LoginPageTest">
    <skipped/>
  </testcase> <!-- pageTitleTest -->
</testsuite> <!-- BrowserStack Test - egde -->
